Setting up [LPIPS] perceptual loss: trunk [alex], v[0.1], spatial [off]
/opt/saturncloud/envs/ece60131_proj/lib/python3.12/site-packages/torchvision/models/_utils.py:208: UserWarning: The parameter 'pretrained' is deprecated since 0.13 and may be removed in the future, please use 'weights' instead.
  warnings.warn(
/opt/saturncloud/envs/ece60131_proj/lib/python3.12/site-packages/torchvision/models/_utils.py:223: UserWarning: Arguments other than a weight enum or `None` for 'weights' are deprecated since 0.13 and may be removed in the future. The current behavior is equivalent to passing `weights=AlexNet_Weights.IMAGENET1K_V1`. You can also use `weights=AlexNet_Weights.DEFAULT` to get the most up-to-date weights.
  warnings.warn(msg)
Loading model from: /opt/saturncloud/envs/ece60131_proj/lib/python3.12/site-packages/lpips/weights/v0.1/alex.pth
Starting Training Epoch 1
100%|██████████| 57/57 [00:38<00:00,  1.50it/s]
Epoch 1 	 Training Loss: 7.9064
Epoch 1 	 Validation Loss: 0.3127
Starting Training Epoch 2
100%|██████████| 57/57 [00:41<00:00,  1.37it/s]
Epoch 2 	 Training Loss: 0.3015
Epoch 2 	 Validation Loss: 0.2904
Starting Training Epoch 3
100%|██████████| 57/57 [00:47<00:00,  1.19it/s]
Epoch 3 	 Training Loss: 0.2630
Epoch 3 	 Validation Loss: 0.2533
Starting Training Epoch 4
100%|██████████| 57/57 [00:44<00:00,  1.27it/s]
Epoch 4 	 Training Loss: 0.2467
Epoch 4 	 Validation Loss: 0.2457
Starting Training Epoch 5
100%|██████████| 57/57 [00:42<00:00,  1.33it/s]
Epoch 5 	 Training Loss: 0.2409
Epoch 5 	 Validation Loss: 0.2387
Starting Training Epoch 6
100%|██████████| 57/57 [00:43<00:00,  1.30it/s]
Epoch 6 	 Training Loss: 0.2354
Epoch 6 	 Validation Loss: 0.2346
Starting Training Epoch 7
100%|██████████| 57/57 [00:41<00:00,  1.39it/s]
Epoch 7 	 Training Loss: 0.2320
Epoch 7 	 Validation Loss: 0.2315
Starting Training Epoch 8
100%|██████████| 57/57 [00:39<00:00,  1.43it/s]
Epoch 8 	 Training Loss: 0.2289
Epoch 8 	 Validation Loss: 0.2292
Starting Training Epoch 9
100%|██████████| 57/57 [00:54<00:00,  1.04it/s]
Epoch 9 	 Training Loss: 0.2277
Epoch 9 	 Validation Loss: 0.2270
Starting Training Epoch 10
100%|██████████| 57/57 [00:50<00:00,  1.13it/s]
Epoch 10 	 Training Loss: 0.2261
Epoch 10 	 Validation Loss: 0.2275
Starting Training Epoch 11
100%|██████████| 57/57 [00:49<00:00,  1.15it/s]
Epoch 11 	 Training Loss: 0.2254
Epoch 11 	 Validation Loss: 0.2252
Starting Training Epoch 12
100%|██████████| 57/57 [01:01<00:00,  1.07s/it]
Epoch 12 	 Training Loss: 0.2231
Epoch 12 	 Validation Loss: 0.2245
Starting Training Epoch 13
100%|██████████| 57/57 [00:52<00:00,  1.10it/s]
Epoch 13 	 Training Loss: 0.2231
Epoch 13 	 Validation Loss: 0.2240
Starting Training Epoch 14
100%|██████████| 57/57 [00:57<00:00,  1.01s/it]
Epoch 14 	 Training Loss: 0.2225
Epoch 14 	 Validation Loss: 0.2229
Starting Training Epoch 15
100%|██████████| 57/57 [00:47<00:00,  1.21it/s]
Epoch 15 	 Training Loss: 0.2218
Epoch 15 	 Validation Loss: 0.2230
Starting Training Epoch 16
100%|██████████| 57/57 [00:57<00:00,  1.00s/it]
Epoch 16 	 Training Loss: 0.2206
Epoch 16 	 Validation Loss: 0.2222
Starting Training Epoch 17
100%|██████████| 57/57 [00:55<00:00,  1.02it/s]
Epoch 17 	 Training Loss: 0.2202
Epoch 17 	 Validation Loss: 0.2225
Starting Training Epoch 18
100%|██████████| 57/57 [00:59<00:00,  1.05s/it]
Epoch 18 	 Training Loss: 0.2193
Epoch 18 	 Validation Loss: 0.2209
Starting Training Epoch 19
100%|██████████| 57/57 [01:00<00:00,  1.06s/it]
Epoch 19 	 Training Loss: 0.2191
Epoch 19 	 Validation Loss: 0.2209
Starting Training Epoch 20
100%|██████████| 57/57 [01:03<00:00,  1.11s/it]
Epoch 20 	 Training Loss: 0.2180
Epoch 20 	 Validation Loss: 0.2201
Starting Training Epoch 21
100%|██████████| 57/57 [00:57<00:00,  1.00s/it]
Epoch 21 	 Training Loss: 0.2174
Epoch 21 	 Validation Loss: 0.2195
Starting Training Epoch 22
100%|██████████| 57/57 [00:59<00:00,  1.04s/it]
Epoch 22 	 Training Loss: 0.2183
Epoch 22 	 Validation Loss: 0.2206
Starting Training Epoch 23
100%|██████████| 57/57 [00:54<00:00,  1.05it/s]
Epoch 23 	 Training Loss: 0.2167
Epoch 23 	 Validation Loss: 0.2191
Starting Training Epoch 24
100%|██████████| 57/57 [00:57<00:00,  1.01s/it]
Epoch 24 	 Training Loss: 0.2157
Epoch 24 	 Validation Loss: 0.2193
Starting Training Epoch 25
100%|██████████| 57/57 [01:02<00:00,  1.09s/it]
Epoch 25 	 Training Loss: 0.2157
Epoch 25 	 Validation Loss: 0.2199
Starting Training Epoch 26
100%|██████████| 57/57 [00:57<00:00,  1.01s/it]
Epoch 26 	 Training Loss: 0.2145
Epoch 26 	 Validation Loss: 0.2188
Starting Training Epoch 27
100%|██████████| 57/57 [00:59<00:00,  1.04s/it]
Epoch 27 	 Training Loss: 0.2139
Epoch 27 	 Validation Loss: 0.2199
Starting Training Epoch 28
100%|██████████| 57/57 [00:49<00:00,  1.15it/s]
Epoch 28 	 Training Loss: 0.2138
Epoch 28 	 Validation Loss: 0.2186
Starting Training Epoch 29
100%|██████████| 57/57 [00:57<00:00,  1.01s/it]
Epoch 29 	 Training Loss: 0.2135
Epoch 29 	 Validation Loss: 0.2191
Starting Training Epoch 30
100%|██████████| 57/57 [00:56<00:00,  1.00it/s]
Epoch 30 	 Training Loss: 0.2134
Epoch 30 	 Validation Loss: 0.2181
Starting Training Epoch 31
100%|██████████| 57/57 [00:57<00:00,  1.00s/it]
Epoch 31 	 Training Loss: 0.2122
Epoch 31 	 Validation Loss: 0.2189
Starting Training Epoch 32
100%|██████████| 57/57 [00:47<00:00,  1.20it/s]
Epoch 32 	 Training Loss: 0.2116
Epoch 32 	 Validation Loss: 0.2192
Starting Training Epoch 33
100%|██████████| 57/57 [01:00<00:00,  1.06s/it]
Epoch 33 	 Training Loss: 0.2107
Epoch 33 	 Validation Loss: 0.2182
Starting Training Epoch 34
100%|██████████| 57/57 [00:59<00:00,  1.04s/it]
Epoch 34 	 Training Loss: 0.2107
Epoch 34 	 Validation Loss: 0.2179
Starting Training Epoch 35
100%|██████████| 57/57 [00:49<00:00,  1.14it/s]
Epoch 35 	 Training Loss: 0.2094
Epoch 35 	 Validation Loss: 0.2181
Starting Training Epoch 36
100%|██████████| 57/57 [00:59<00:00,  1.05s/it]
Epoch 36 	 Training Loss: 0.2095
Epoch 36 	 Validation Loss: 0.2187
Starting Training Epoch 37
100%|██████████| 57/57 [00:57<00:00,  1.01s/it]
Epoch 37 	 Training Loss: 0.2088
Epoch 37 	 Validation Loss: 0.2191
Starting Training Epoch 38
100%|██████████| 57/57 [00:49<00:00,  1.16it/s]
Epoch 38 	 Training Loss: 0.2081
Epoch 38 	 Validation Loss: 0.2185
Starting Training Epoch 39
100%|██████████| 57/57 [00:58<00:00,  1.03s/it]
Epoch 39 	 Training Loss: 0.2078
Epoch 39 	 Validation Loss: 0.2178
Starting Training Epoch 40
100%|██████████| 57/57 [00:55<00:00,  1.03it/s]
Epoch 40 	 Training Loss: 0.2072
Epoch 40 	 Validation Loss: 0.2178
Starting Training Epoch 41
100%|██████████| 57/57 [00:55<00:00,  1.03it/s]
Epoch 41 	 Training Loss: 0.2065
Epoch 41 	 Validation Loss: 0.2181
Starting Training Epoch 42
100%|██████████| 57/57 [00:57<00:00,  1.01s/it]
Epoch 42 	 Training Loss: 0.2063
Epoch 42 	 Validation Loss: 0.2197
Starting Training Epoch 43
100%|██████████| 57/57 [00:57<00:00,  1.01s/it]
Epoch 43 	 Training Loss: 0.2063
Epoch 43 	 Validation Loss: 0.2181
Starting Training Epoch 44
100%|██████████| 57/57 [00:55<00:00,  1.03it/s]
Epoch 44 	 Training Loss: 0.2055
Epoch 44 	 Validation Loss: 0.2186
Starting Training Epoch 45
100%|██████████| 57/57 [01:00<00:00,  1.06s/it]
Epoch 45 	 Training Loss: 0.2052
Epoch 45 	 Validation Loss: 0.2179
Starting Training Epoch 46
100%|██████████| 57/57 [00:57<00:00,  1.01s/it]
Epoch 46 	 Training Loss: 0.2049
Epoch 46 	 Validation Loss: 0.2190
Starting Training Epoch 47
100%|██████████| 57/57 [00:58<00:00,  1.02s/it]
Epoch 47 	 Training Loss: 0.2047
Epoch 47 	 Validation Loss: 0.2186
Traceback (most recent call last):
  File "/opt/saturncloud/envs/ece60131_proj/lib/python3.12/site-packages/torch/serialization.py", line 967, in save
    _save(
  File "/opt/saturncloud/envs/ece60131_proj/lib/python3.12/site-packages/torch/serialization.py", line 1268, in _save
    zip_file.write_record(name, storage, num_bytes)
RuntimeError: [enforce fail at inline_container.cc:858] . PytorchStreamWriter failed writing file data/12: file write failed

During handling of the above exception, another exception occurred:

Traceback (most recent call last):
  File "/home/jovyan/image-colorization/main.py", line 161, in <module>
    trainer.train()
  File "/home/jovyan/image-colorization/BasicVAE/train.py", line 80, in train
    torch.save(model.state_dict(), f'./Models/basicvae/saved_model_{epoch+1}.pth')
  File "/opt/saturncloud/envs/ece60131_proj/lib/python3.12/site-packages/torch/serialization.py", line 966, in save
    with _open_zipfile_writer(f) as opened_zipfile:
         ^^^^^^^^^^^^^^^^^^^^^^^
  File "/opt/saturncloud/envs/ece60131_proj/lib/python3.12/site-packages/torch/serialization.py", line 798, in __exit__
    self.file_like.write_end_of_file()
RuntimeError: [enforce fail at inline_container.cc:664] . unexpected pos 44707968 vs 44707856
